<?xml version="1.0" encoding="UTF-8"?>
<!-- Generated by org.testng.reporters.JUnitReportReporter -->
<testsuite skipped="0" hostname="DESKTOP-0M084I0" name="grid.Githubv2" tests="1" failures="0" timestamp="02 Jan 2019 06:46:36 GMT" time="0.032" errors="0">
  <testcase name="mytest" time="0.032" classname="grid.Githubv2"/>
</testsuite> <!-- grid.Githubv2 -->
