<?xml version="1.0" encoding="UTF-8"?>
<!-- Generated by org.testng.reporters.JUnitReportReporter -->
<testsuite skipped="0" hostname="DESKTOP-0M084I0" name="grid.Griddemo" tests="1" failures="0" timestamp="02 Jan 2019 06:07:49 GMT" time="38.060" errors="0">
  <testcase name="test" time="38.060" classname="grid.Griddemo"/>
</testsuite> <!-- grid.Griddemo -->
